<?xml version="1.0" encoding="UTF-8"?>
<!-- Generated by org.testng.reporters.JUnitXMLReporter -->
<testsuite hostname="DESKTOP-APFRULM" name="Default test" tests="4" failures="0" timestamp="31 Oct 2019 23:57:31 GMT" time="0.039" errors="0">
  <testcase name="div" time="0.012" classname="co.qa.tests.DemoTest"/>
  <testcase name="mul" time="0.001" classname="co.qa.tests.DemoTest"/>
  <testcase name="sub" time="0.002" classname="co.qa.tests.DemoTest"/>
  <testcase name="sum" time="0.003" classname="co.qa.tests.DemoTest"/>
</testsuite> <!-- Default test -->
