<?xml version="1.0" encoding="UTF-8"?>
<testng-results skipped="0" failed="0" total="4" passed="4">
  <reporter-output>
  </reporter-output>
  <suite name="co.qa.tests.DemoTest" duration-ms="34" started-at="2019-11-01T00:25:31Z" finished-at="2019-11-01T00:25:31Z">
    <groups>
    </groups>
    <test name="Command line test" duration-ms="34" started-at="2019-11-01T00:25:31Z" finished-at="2019-11-01T00:25:31Z">
      <class name="co.qa.tests.DemoTest">
        <test-method status="PASS" signature="div()[pri:0, instance:co.qa.tests.DemoTest@7c30a502]" name="div" duration-ms="15" started-at="2019-11-01T02:25:31Z" finished-at="2019-11-01T02:25:31Z">
          <reporter-output>
          </reporter-output>
        </test-method> <!-- div -->
        <test-method status="PASS" signature="mul()[pri:0, instance:co.qa.tests.DemoTest@7c30a502]" name="mul" duration-ms="1" started-at="2019-11-01T02:25:31Z" finished-at="2019-11-01T02:25:31Z">
          <reporter-output>
          </reporter-output>
        </test-method> <!-- mul -->
        <test-method status="PASS" signature="sub()[pri:0, instance:co.qa.tests.DemoTest@7c30a502]" name="sub" duration-ms="1" started-at="2019-11-01T02:25:31Z" finished-at="2019-11-01T02:25:31Z">
          <reporter-output>
          </reporter-output>
        </test-method> <!-- sub -->
        <test-method status="PASS" signature="sum()[pri:0, instance:co.qa.tests.DemoTest@7c30a502]" name="sum" duration-ms="4" started-at="2019-11-01T02:25:31Z" finished-at="2019-11-01T02:25:31Z">
          <reporter-output>
          </reporter-output>
        </test-method> <!-- sum -->
      </class> <!-- co.qa.tests.DemoTest -->
    </test> <!-- Command line test -->
  </suite> <!-- co.qa.tests.DemoTest -->
</testng-results>
