<?xml version="1.0" encoding="UTF-8"?>
<testng-results skipped="0" failed="0" total="4" passed="4">
  <reporter-output>
  </reporter-output>
  <suite name="Default suite" duration-ms="39" started-at="2019-10-31T23:57:31Z" finished-at="2019-10-31T23:57:31Z">
    <groups>
    </groups>
    <test name="Default test" duration-ms="39" started-at="2019-10-31T23:57:31Z" finished-at="2019-10-31T23:57:31Z">
      <class name="co.qa.tests.DemoTest">
        <test-method status="PASS" signature="div()[pri:0, instance:co.qa.tests.DemoTest@1efbd816]" name="div" duration-ms="12" started-at="2019-11-01T01:57:31Z" finished-at="2019-11-01T01:57:31Z">
          <reporter-output>
          </reporter-output>
        </test-method> <!-- div -->
        <test-method status="PASS" signature="mul()[pri:0, instance:co.qa.tests.DemoTest@1efbd816]" name="mul" duration-ms="1" started-at="2019-11-01T01:57:31Z" finished-at="2019-11-01T01:57:31Z">
          <reporter-output>
          </reporter-output>
        </test-method> <!-- mul -->
        <test-method status="PASS" signature="sub()[pri:0, instance:co.qa.tests.DemoTest@1efbd816]" name="sub" duration-ms="2" started-at="2019-11-01T01:57:31Z" finished-at="2019-11-01T01:57:31Z">
          <reporter-output>
          </reporter-output>
        </test-method> <!-- sub -->
        <test-method status="PASS" signature="sum()[pri:0, instance:co.qa.tests.DemoTest@1efbd816]" name="sum" duration-ms="3" started-at="2019-11-01T01:57:31Z" finished-at="2019-11-01T01:57:31Z">
          <reporter-output>
          </reporter-output>
        </test-method> <!-- sum -->
      </class> <!-- co.qa.tests.DemoTest -->
    </test> <!-- Default test -->
  </suite> <!-- Default suite -->
</testng-results>
